<?xml version="1.0" encoding="UTF-8"?>
<!-- Generated by org.testng.reporters.JUnitReportReporter -->
<testsuite skipped="0" hostname="PC307784" name="com.Cognizant.C2.Component.TaskCreate" tests="1" failures="0" timestamp="25 Aug 2017 09:39:55 GMT" time="337.658" errors="0">
  <testcase name="UserTaskCreate" time="337.658" classname="com.Cognizant.C2.Component.TaskCreate"/>
</testsuite> <!-- com.Cognizant.C2.Component.TaskCreate -->
